TN:
SF:src/use-cases/submit-feedback-use-case.ts
FN:15,execute
FN:10,SubmitFeedbackUseCase
FNF:2
FNH:2
FNDA:2,execute
FNDA:1,SubmitFeedbackUseCase
DA:1,1
DA:2,1
DA:3,1
DA:4,1
DA:5,1
DA:6,1
DA:7,1
DA:8,1
DA:9,1
DA:10,1
DA:11,1
DA:12,1
DA:13,1
DA:14,1
DA:15,1
DA:16,2
DA:17,2
DA:18,2
DA:19,1
DA:20,1
DA:21,1
DA:22,1
DA:23,1
DA:24,1
DA:25,1
DA:26,1
DA:27,1
DA:28,1
DA:29,1
DA:30,1
DA:31,1
DA:32,1
DA:33,1
DA:34,1
DA:35,1
DA:36,1
DA:37,1
DA:38,1
LF:38
LH:38
BRDA:15,0,0,2
BRDA:18,1,0,1
BRDA:10,2,0,1
BRF:3
BRH:3
end_of_record
